<?xml version="1.0" encoding="UTF-8"?>
<!-- Generated by org.testng.reporters.JUnitReportReporter -->
<testsuite skipped="0" hostname="DESKTOP-N308L1J" name="test.LoginTest" tests="1" failures="0" timestamp="21 Mar 2021 17:36:58 GMT" time="15.842" errors="0">
  <testcase name="validUserShouldBeAbleToLogin" time="15.842" classname="test.LoginTest"/>
</testsuite> <!-- test.LoginTest -->
