<?xml version="1.0" encoding="UTF-8"?>
<!-- Generated by org.testng.reporters.JUnitReportReporter -->
<testsuite skipped="0" hostname="DESKTOP-N308L1J" name="test.AddCustomerTest" tests="1" failures="0" timestamp="21 Mar 2021 18:04:47 GMT" time="31.997" errors="0">
  <testcase name="userShouldBeAbleToUseSearchbarOnListCustomer" time="31.997" classname="test.AddCustomerTest"/>
</testsuite> <!-- test.AddCustomerTest -->
